# JRE version: OpenJDK Runtime Environment AdoptOpenJDK-11.0.11+9 (11.0.11+9) (build 11.0.11+9)
# Java VM: OpenJDK 64-Bit Server VM AdoptOpenJDK-11.0.11+9 (11.0.11+9, mixed mode, tiered, compressed oops, g1 gc, bsd-amd64)
Heap:
 garbage-first heap   total 116736K, used 93760K [0x0000000700000000, 0x0000000800000000)
  region size 1024K, 40 young (40960K), 1 survivors (1024K)
 Metaspace       used 123830K, capacity 135665K, committed 135936K, reserved 1169408K
  class space    used 13368K, capacity 16261K, committed 16384K, reserved 1048576K
GC Heap History (20 events):
Event: 4954.629 GC heap after
{Heap after GC invocations=1313 (full 115):
 garbage-first heap   total 116736K, used 59060K [0x0000000700000000, 0x0000000800000000)
  region size 1024K, 4 young (4096K), 4 survivors (4096K)
 Metaspace       used 123151K, capacity 134835K, committed 135040K, reserved 1167360K
  class space    used 13308K, capacity 16179K, committed 16256K, reserved 1048576K
}
Event: 4955.056 GC heap before
{Heap before GC invocations=1314 (full 115):
 garbage-first heap   total 116736K, used 91828K [0x0000000700000000, 0x0000000800000000)
  region size 1024K, 37 young (37888K), 4 survivors (4096K)
 Metaspace       used 123202K, capacity 134867K, committed 135040K, reserved 1167360K
  class space    used 13313K, capacity 16211K, committed 16256K, reserved 1048576K
}
Event: 4955.058 GC heap after
{Heap after GC invocations=1315 (full 115):
 garbage-first heap   total 116736K, used 59422K [0x0000000700000000, 0x0000000800000000)
  region size 1024K, 2 young (2048K), 2 survivors (2048K)
 Metaspace       used 123202K, capacity 134867K, committed 135040K, reserved 1167360K
  class space    used 13313K, capacity 16211K, committed 16256K, reserved 1048576K
}
Event: 4955.217 GC heap before
{Heap before GC invocations=1315 (full 115):
 garbage-first heap   total 116736K, used 93214K [0x0000000700000000, 0x0000000800000000)
  region size 1024K, 36 young (36864K), 2 survivors (2048K)
 Metaspace       used 123211K, capacity 134931K, committed 135040K, reserved 1167360K
  class space    used 13313K, capacity 16211K, committed 16256K, reserved 1048576K
}
Event: 4955.220 GC heap after
{Heap after GC invocations=1316 (full 115):
 garbage-first heap   total 116736K, used 59784K [0x0000000700000000, 0x0000000800000000)
  region size 1024K, 3 young (3072K), 3 survivors (3072K)
 Metaspace       used 123211K, capacity 134931K, committed 135040K, reserved 1167360K
  class space    used 13313K, capacity 16211K, committed 16256K, reserved 1048576K
}
Event: 4956.287 GC heap before
{Heap before GC invocations=1317 (full 115):
 garbage-first heap   total 116736K, used 94600K [0x0000000700000000, 0x0000000800000000)
  region size 1024K, 37 young (37888K), 3 survivors (3072K)
 Metaspace       used 123462K, capacity 135200K, committed 135552K, reserved 1169408K
  class space    used 13331K, capacity 16213K, committed 16256K, reserved 1048576K
}
Event: 4956.289 GC heap after
{Heap after GC invocations=1318 (full 115):
 garbage-first heap   total 116736K, used 61861K [0x0000000700000000, 0x0000000800000000)
  region size 1024K, 5 young (5120K), 5 survivors (5120K)
 Metaspace       used 123462K, capacity 135200K, committed 135552K, reserved 1169408K
  class space    used 13331K, capacity 16213K, committed 16256K, reserved 1048576K
}
Event: 4962.949 GC heap before
{Heap before GC invocations=1318 (full 115):
 garbage-first heap   total 116736K, used 89509K [0x0000000700000000, 0x0000000800000000)
  region size 1024K, 33 young (33792K), 5 survivors (5120K)
 Metaspace       used 123480K, capacity 135207K, committed 135552K, reserved 1169408K
  class space    used 13332K, capacity 16215K, committed 16256K, reserved 1048576K
}
Event: 4963.134 GC heap after
{Heap after GC invocations=1319 (full 116):
 garbage-first heap   total 116736K, used 56311K [0x0000000700000000, 0x0000000800000000)
  region size 1024K, 0 young (0K), 0 survivors (0K)
 Metaspace       used 123473K, capacity 135195K, committed 135552K, reserved 1169408K
  class space    used 13331K, capacity 16212K, committed 16256K, reserved 1048576K
}
Event: 4963.616 GC heap before
{Heap before GC invocations=1319 (full 116):
 garbage-first heap   total 116736K, used 92151K [0x0000000700000000, 0x0000000800000000)
  region size 1024K, 36 young (36864K), 0 survivors (0K)
 Metaspace       used 123503K, capacity 135283K, committed 135552K, reserved 1169408K
  class space    used 13338K, capacity 16220K, committed 16256K, reserved 1048576K
}
Event: 4963.620 GC heap after
{Heap after GC invocations=1320 (full 116):
 garbage-first heap   total 116736K, used 59714K [0x0000000700000000, 0x0000000800000000)
  region size 1024K, 4 young (4096K), 4 survivors (4096K)
 Metaspace       used 123503K, capacity 135283K, committed 135552K, reserved 1169408K
  class space    used 13338K, capacity 16220K, committed 16256K, reserved 1048576K
}
Event: 4964.044 GC heap before
{Heap before GC invocations=1321 (full 116):
 garbage-first heap   total 116736K, used 93506K [0x0000000700000000, 0x0000000800000000)
  region size 1024K, 38 young (38912K), 4 survivors (4096K)
 Metaspace       used 123547K, capacity 135315K, committed 135552K, reserved 1169408K
  class space    used 13342K, capacity 16252K, committed 16256K, reserved 1048576K
}
Event: 4964.046 GC heap after
{Heap after GC invocations=1322 (full 116):
 garbage-first heap   total 116736K, used 60153K [0x0000000700000000, 0x0000000800000000)
  region size 1024K, 2 young (2048K), 2 survivors (2048K)
 Metaspace       used 123547K, capacity 135315K, committed 135552K, reserved 1169408K
  class space    used 13342K, capacity 16252K, committed 16256K, reserved 1048576K
}
Event: 4964.215 GC heap before
{Heap before GC invocations=1322 (full 116):
 garbage-first heap   total 116736K, used 93945K [0x0000000700000000, 0x0000000800000000)
  region size 1024K, 36 young (36864K), 2 survivors (2048K)
 Metaspace       used 123547K, capacity 135315K, committed 135552K, reserved 1169408K
  class space    used 13342K, capacity 16252K, committed 16256K, reserved 1048576K
}
Event: 4964.218 GC heap after
{Heap after GC invocations=1323 (full 116):
 garbage-first heap   total 116736K, used 60679K [0x0000000700000000, 0x0000000800000000)
  region size 1024K, 3 young (3072K), 3 survivors (3072K)
 Metaspace       used 123547K, capacity 135315K, committed 135552K, reserved 1169408K
  class space    used 13342K, capacity 16252K, committed 16256K, reserved 1048576K
}
Event: 4965.194 GC heap before
{Heap before GC invocations=1324 (full 116):
 garbage-first heap   total 116736K, used 94471K [0x0000000700000000, 0x0000000800000000)
  region size 1024K, 36 young (36864K), 3 survivors (3072K)
 Metaspace       used 123800K, capacity 135583K, committed 135808K, reserved 1169408K
  class space    used 13361K, capacity 16254K, committed 16256K, reserved 1048576K
}
Event: 4965.196 GC heap after
{Heap after GC invocations=1325 (full 116):
 garbage-first heap   total 116736K, used 62667K [0x0000000700000000, 0x0000000800000000)
  region size 1024K, 5 young (5120K), 5 survivors (5120K)
 Metaspace       used 123800K, capacity 135583K, committed 135808K, reserved 1169408K
  class space    used 13361K, capacity 16254K, committed 16256K, reserved 1048576K
}
Event: 4969.830 GC heap before
{Heap before GC invocations=1325 (full 116):
 garbage-first heap   total 116736K, used 85195K [0x0000000700000000, 0x0000000800000000)
  region size 1024K, 28 young (28672K), 5 survivors (5120K)
 Metaspace       used 123807K, capacity 135589K, committed 135808K, reserved 1169408K
  class space    used 13362K, capacity 16256K, committed 16256K, reserved 1048576K
}
Event: 4969.990 GC heap after
{Heap after GC invocations=1326 (full 117):
 garbage-first heap   total 116736K, used 53824K [0x0000000700000000, 0x0000000800000000)
  region size 1024K, 0 young (0K), 0 survivors (0K)
 Metaspace       used 123800K, capacity 135577K, committed 135808K, reserved 1169408K
  class space    used 13361K, capacity 16253K, committed 16256K, reserved 1048576K
}
Event: 4970.492 GC heap before
{Heap before GC invocations=1326 (full 117):
 garbage-first heap   total 116736K, used 92736K [0x0000000700000000, 0x0000000800000000)
  region size 1024K, 39 young (39936K), 0 survivors (0K)
 Metaspace       used 123830K, capacity 135665K, committed 135936K, reserved 1169408K
  class space    used 13368K, capacity 16261K, committed 16384K, reserved 1048576K
}

